
> web@0.1.0 build C:\UprisingNode\web
> next build

▲ Next.js 16.1.4 (Turbopack)

  Creating an optimized production build ...
✓ Compiled successfully in 19.5s
  Running TypeScript ...
Failed to compile.

./src/hooks/use-socket.ts:4:28
Type error: Cannot find module 'socket.io-client' or its corresponding type declarations.

  2 |
  3 | import { useEffect, useState } from 'react';
> 4 | import { io, Socket } from 'socket.io-client';
    |                            ^
  5 |
  6 | const SOCKET_URL = process.env.NEXT_PUBLIC_API_URL || 'http://localhost:3000';
  7 |
Next.js build worker exited with code: 1 and signal: null
C:\UprisingNode\web:
 ERR_PNPM_RECURSIVE_RUN_FIRST_FAIL  web@0.1.0 build: `next build`
Exit status 1
