
> web@0.1.0 build C:\UprisingNode\web
> next build

▲ Next.js 16.1.4 (Turbopack)

  Creating an optimized production build ...
✓ Compiled successfully in 21.0s
  Running TypeScript ...
Failed to compile.

./src/app/(dashboard)/transfer/page.tsx:55:55
Type error: Type '"md"' is not assignable to type '"default" | "xs" | "sm" | "lg" | "icon" | "icon-xs" | "icon-sm" | "icon-lg" | null | undefined'.

  53 |                         </p>
  54 |                         <Link href="/profile">
> 55 |                             <Button variant="outline" size="md">
     |                                                       ^
  56 |                                 <span>Voir l&apos;historique</span>
  57 |                                 <span className="material-symbols-outlined text-sm">
  58 |                                     east
Next.js build worker exited with code: 1 and signal: null
C:\UprisingNode\web:
 ERR_PNPM_RECURSIVE_RUN_FIRST_FAIL  web@0.1.0 build: `next build`
Exit status 1
