
> web@0.1.0 build C:\UprisingNode\web
> next build

▲ Next.js 16.1.4 (Turbopack)

  Creating an optimized production build ...
✓ Compiled successfully in 24.2s
  Running TypeScript ...
Failed to compile.

./src/app/(dashboard)/developer/page.tsx:14:29
Type error: Type '{ children: string; as: string; href: string; }' is not assignable to type 'IntrinsicAttributes & ClassAttributes<HTMLButtonElement> & ButtonHTMLAttributes<HTMLButtonElement> & VariantProps<...> & { ...; }'.
  Property 'as' does not exist on type 'IntrinsicAttributes & ClassAttributes<HTMLButtonElement> & ButtonHTMLAttributes<HTMLButtonElement> & VariantProps<...> & { ...; }'.

  12 |                 <div className="flex justify-between items-center">
  13 |                     <h1 className="text-3xl font-serif text-black">Hub Développeur</h1>
> 14 |                     <Button as="a" href="/developer/docs">Documentation API</Button>
     |                             ^
  15 |                 </div>
  16 |
  17 |                 <div className="grid grid-cols-1 md:grid-cols-3 gap-6">
Next.js build worker exited with code: 1 and signal: null
C:\UprisingNode\web:
 ERR_PNPM_RECURSIVE_RUN_FIRST_FAIL  web@0.1.0 build: `next build`
Exit status 1
