
> @ dev /app
> concurrently "pnpm --filter api start:dev" "pnpm --filter web dev"

[1]
[1] > web@0.1.0 dev /app/web
[1] > next dev
[1]
[0]
[0] > api@0.0.1 start:dev /app/api
[0] > nest start --watch
[0]
[0] [2J[3J[H[[90m7:08:22 PM[0m] Starting compilation in watch mode...
[0]
[1] ▲ Next.js 16.1.4 (Turbopack)
[1] - Local:         http://localhost:3000
[1] - Network:       http://192.168.0.2:3000
[1]
[1] ✓ Starting...
[1] ✓ Ready in 1202ms
[0] [[90m7:08:25 PM[0m] Found 0 errors. Watching for file changes.
[0]
[0] [32m[Nest] 4648  - [39m01/28/2026, 7:08:27 PM [32m    LOG[39m [38;5;3m[NestFactory] [39m[32mStarting Nest application...[39m
[0] [32m[Nest] 4648  - [39m01/28/2026, 7:08:27 PM [32m    LOG[39m [38;5;3m[InstanceLoader] [39m[32mPrismaModule dependencies initialized[39m[38;5;3m +45ms[39m
[0] [32m[Nest] 4648  - [39m01/28/2026, 7:08:27 PM [32m    LOG[39m [38;5;3m[InstanceLoader] [39m[32mEventsModule dependencies initialized[39m[38;5;3m +0ms[39m
[0] [32m[Nest] 4648  - [39m01/28/2026, 7:08:27 PM [32m    LOG[39m [38;5;3m[InstanceLoader] [39m[32mJwtModule dependencies initialized[39m[38;5;3m +2ms[39m
[0] [32m[Nest] 4648  - [39m01/28/2026, 7:08:27 PM [32m    LOG[39m [38;5;3m[InstanceLoader] [39m[32mAppModule dependencies initialized[39m[38;5;3m +0ms[39m
[0] [32m[Nest] 4648  - [39m01/28/2026, 7:08:27 PM [32m    LOG[39m [38;5;3m[InstanceLoader] [39m[32mAuthModule dependencies initialized[39m[38;5;3m +1ms[39m
[0] [32m[Nest] 4648  - [39m01/28/2026, 7:08:27 PM [32m    LOG[39m [38;5;3m[InstanceLoader] [39m[32mLeadsModule dependencies initialized[39m[38;5;3m +1ms[39m
[0] [32m[Nest] 4648  - [39m01/28/2026, 7:08:27 PM [32m    LOG[39m [38;5;3m[InstanceLoader] [39m[32mTransactionsModule dependencies initialized[39m[38;5;3m +0ms[39m
[0] [32m[Nest] 4648  - [39m01/28/2026, 7:08:27 PM [32m    LOG[39m [38;5;3m[InstanceLoader] [39m[32mUsersModule dependencies initialized[39m[38;5;3m +0ms[39m
[0] [32m[Nest] 4648  - [39m01/28/2026, 7:08:27 PM [32m    LOG[39m [38;5;3m[WebSocketsController] [39m[32mEventsGateway subscribed to the "ping" message[39m[38;5;3m +24ms[39m
[0] [32m[Nest] 4648  - [39m01/28/2026, 7:08:27 PM [32m    LOG[39m [38;5;3m[RoutesResolver] [39m[32mAppController {/}:[39m[38;5;3m +3ms[39m
[0] [32m[Nest] 4648  - [39m01/28/2026, 7:08:27 PM [32m    LOG[39m [38;5;3m[RouterExplorer] [39m[32mMapped {/, GET} route[39m[38;5;3m +4ms[39m
[0] [32m[Nest] 4648  - [39m01/28/2026, 7:08:27 PM [32m    LOG[39m [38;5;3m[RoutesResolver] [39m[32mScraperController {/scraper}:[39m[38;5;3m +1ms[39m
[0] [32m[Nest] 4648  - [39m01/28/2026, 7:08:27 PM [32m    LOG[39m [38;5;3m[RouterExplorer] [39m[32mMapped {/scraper/company, POST} route[39m[38;5;3m +1ms[39m
[0] [32m[Nest] 4648  - [39m01/28/2026, 7:08:27 PM [32m    LOG[39m [38;5;3m[RoutesResolver] [39m[32mAuthController {/auth}:[39m[38;5;3m +0ms[39m
[0] [32m[Nest] 4648  - [39m01/28/2026, 7:08:27 PM [32m    LOG[39m [38;5;3m[RouterExplorer] [39m[32mMapped {/auth/register, POST} route[39m[38;5;3m +1ms[39m
[0] [32m[Nest] 4648  - [39m01/28/2026, 7:08:27 PM [32m    LOG[39m [38;5;3m[RouterExplorer] [39m[32mMapped {/auth/login, POST} route[39m[38;5;3m +1ms[39m
[0] [32m[Nest] 4648  - [39m01/28/2026, 7:08:27 PM [32m    LOG[39m [38;5;3m[RouterExplorer] [39m[32mMapped {/auth/me, GET} route[39m[38;5;3m +1ms[39m
[0] [32m[Nest] 4648  - [39m01/28/2026, 7:08:27 PM [32m    LOG[39m [38;5;3m[RoutesResolver] [39m[32mLeadsController {/leads}:[39m[38;5;3m +0ms[39m
[0] [32m[Nest] 4648  - [39m01/28/2026, 7:08:27 PM [32m    LOG[39m [38;5;3m[RouterExplorer] [39m[32mMapped {/leads, POST} route[39m[38;5;3m +1ms[39m
[0] [32m[Nest] 4648  - [39m01/28/2026, 7:08:27 PM [32m    LOG[39m [38;5;3m[RouterExplorer] [39m[32mMapped {/leads, GET} route[39m[38;5;3m +1ms[39m
[0] [32m[Nest] 4648  - [39m01/28/2026, 7:08:27 PM [32m    LOG[39m [38;5;3m[RouterExplorer] [39m[32mMapped {/leads/:id, GET} route[39m[38;5;3m +1ms[39m
[0] [32m[Nest] 4648  - [39m01/28/2026, 7:08:27 PM [32m    LOG[39m [38;5;3m[RouterExplorer] [39m[32mMapped {/leads/:id, PATCH} route[39m[38;5;3m +2ms[39m
[0] [32m[Nest] 4648  - [39m01/28/2026, 7:08:27 PM [32m    LOG[39m [38;5;3m[RouterExplorer] [39m[32mMapped {/leads/:id, DELETE} route[39m[38;5;3m +0ms[39m
[0] [32m[Nest] 4648  - [39m01/28/2026, 7:08:27 PM [32m    LOG[39m [38;5;3m[RoutesResolver] [39m[32mTransactionsController {/transactions}:[39m[38;5;3m +0ms[39m
[0] [32m[Nest] 4648  - [39m01/28/2026, 7:08:27 PM [32m    LOG[39m [38;5;3m[RouterExplorer] [39m[32mMapped {/transactions, POST} route[39m[38;5;3m +1ms[39m
[0] [32m[Nest] 4648  - [39m01/28/2026, 7:08:27 PM [32m    LOG[39m [38;5;3m[RouterExplorer] [39m[32mMapped {/transactions, GET} route[39m[38;5;3m +0ms[39m
[0] [32m[Nest] 4648  - [39m01/28/2026, 7:08:27 PM [32m    LOG[39m [38;5;3m[RouterExplorer] [39m[32mMapped {/transactions/:id, GET} route[39m[38;5;3m +0ms[39m
[0] [32m[Nest] 4648  - [39m01/28/2026, 7:08:27 PM [32m    LOG[39m [38;5;3m[RouterExplorer] [39m[32mMapped {/transactions/:id, PATCH} route[39m[38;5;3m +1ms[39m
[0] [32m[Nest] 4648  - [39m01/28/2026, 7:08:27 PM [32m    LOG[39m [38;5;3m[RoutesResolver] [39m[32mUsersController {/users}:[39m[38;5;3m +0ms[39m
[0] [32m[Nest] 4648  - [39m01/28/2026, 7:08:27 PM [32m    LOG[39m [38;5;3m[RouterExplorer] [39m[32mMapped {/users/profile, GET} route[39m[38;5;3m +0ms[39m
[0] [32m[Nest] 4648  - [39m01/28/2026, 7:08:27 PM [32m    LOG[39m [38;5;3m[RouterExplorer] [39m[32mMapped {/users/profile, PATCH} route[39m[38;5;3m +1ms[39m
[0] [32m[Nest] 4648  - [39m01/28/2026, 7:08:27 PM [32m    LOG[39m [38;5;3m[NestApplication] [39m[32mNest application successfully started[39m[38;5;3m +24ms[39m
[1] ○ Compiling /signup ...
[1]  GET /signup 200 in 11.0s (compile: 10.3s, render: 721ms)
[1] ○ Compiling /dashboard ...
[1]  GET /dashboard 200 in 5.8s (compile: 5.7s, render: 54ms)
[1]  GET /earnings 200 in 1817ms (compile: 1473ms, render: 344ms)
